[baseline-browser-mapping] The data in this module is over two months old.  To ensure accurate Baseline data, please update: `npm i baseline-browser-mapping@latest -D`
[baseline-browser-mapping] The data in this module is over two months old.  To ensure accurate Baseline data, please update: `npm i baseline-browser-mapping@latest -D`
   ▲ Next.js 15.2.8
   - Local:        http://localhost:3017
   - Network:      http://0.0.0.0:3017
   - Environments: .env.local

 ✓ Starting...
 ○ (pwa) PWA support is disabled.
 ✓ Ready in 3.2s
 ○ Compiling /middleware ...
 ✓ Compiled /middleware in 1100ms (173 modules)
 ○ Compiling /mosque-admin/[slug]/settings ...
Browserslist: browsers data (caniuse-lite) is 7 months old. Please run:
  npx update-browserslist-db@latest
  Why you should do it regularly: https://github.com/browserslist/update-db#readme
<w> [webpack.cache.PackFileCacheStrategy] Serializing big strings (114kiB) impacts deserialization performance (consider using Buffer instead and decode when needed)
 ✓ Compiled /login in 19.7s (2562 modules)
 GET /mosque-admin/fourqaan/settings 200 in 21657ms
 ⚠ Cross origin request detected from 172.24.112.1 to /_next/* resource. In a future major version of Next.js, you will need to explicitly configure "allowedDevOrigins" in next.config to allow this.
Read more: https://nextjs.org/docs/app/api-reference/config/next-config-js/allowedDevOrigins
 ○ Compiling /api/organizations/[id]/merchant/status ...
 ✓ Compiled /api/organizations/[id]/merchant/status in 1504ms (2569 modules)
 GET /api/me 200 in 2039ms
 GET /mosque-admin/fourqaan/settings 200 in 315ms
 GET /api/me 200 in 132ms
[Alliance] getMerchantInfo raw {"organizationId":"f6e2244f-4d4b-487e-8bf8-56adf185633d","merchantCode":"M-4534-4164","boardingStatus":"ONBOARDING","rawDocStatuses":[{"code":"D-4653-1096-5700","type":"agreement","rawStatus":"APPROVED"},{"code":"D-7953-1096-5700","type":"coc_extract","rawStatus":"APPROVED"},{"code":"D-2033-1096-7700","type":"ubo_register","rawStatus":"APPROVED"},{"code":"D-4253-1057-5700","type":"identification","rawStatus":"APPROVED"}],"rawLicenses":{"code":"M-4534-4164","name":"Stichting Alabraar","publicName":"Stichting Alabraar","boardingStatus":"ONBOARDING","status":"ACTIVE","payoutStatus":"DISABLED","coc":"72289171","vat":null,"companyTypeId":"3","countryCode":"NL","contractLanguage":"nl","contractPackage":"Merchant By Alliance PLUS","contactPhone":"0402461404","contactEmail":"info@alabraar.nl","establishmentLegalRegistrationNumber":null,"accountManager":"c.schipper@pay.nl","website":"https://www.alabraar.nl/","categories":[{"code":"CY-2010-8020","name":"Charity (ANBI state)"}],"integrations":[],"clearingAccounts":[{"code":"BA-2194-0532","status":"APPROVED","method":"iban","iban":{"iban":"NL02INGB0009268043","bic":"INGBNL2A","owner":"Stichting Alabraar"}}],"postalAddress":{"code":"CA-2100-1040-1300","streetName":"Otterstraat","streetNumber":"2","zipCode":"5622 AL","city":"Eindhoven","countryCode":"NL"},"visitAddress":{"code":"CA-1890-1059-0300","streetName":"Otterstraat","streetNumber":"2","zipCode":"5622 AL","city":"Eindhoven","countryCode":"NL"},"addresses":[{"type":"POSTAL","code":"CA-2100-1040-1300","streetName":"Otterstraat","streetNumber":"2","zipCode":"5622 AL","city":"Eindhoven","countryCode":"NL"},{"type":"VISIT","code":"CA-1890-1059-0300","streetName":"Otterstraat","streetNumber":"2","zipCode":"5622 AL","city":"Eindhoven","countryCode":"NL"}],"contactMethods":[],"authenticationTokens":[{"code":"AT-0162-2739","secret":"432d0ee9e570b5034c0c9c63e7b0f4346193945d","name":"API token"}],"trademarks":[{"code":"TM-5095-1047-5000","type":"name","name":"Stichting Alabraar","status":"APPROVED"},{"code":"TM-4395-1057-5000","type":"public_name","name":"Stichting Alabraar","status":"APPROVED"}],"licenses":[{"code":"AL-9471-3697","name":"AL-9471-3697","language":"nl","documents":[{"code":"D-4253-1057-5700","type":"identification","status":"APPROVED","name":"Copy ID or passport","description":"We need a copy of your ID. This may be an identity card or driver's license (front and back), passport or (temporary) residence permit.","translations":{"name":{"nl_NL":"Kopie ID kaart of paspoort","en_GB":"Copy ID or passport","it_IT":"Carta di identitá or Passaporto","nl_BE":"Kopie ID kaart of paspoort","fr_FR":"Pièce d'identité"},"description":{"nl_NL":"We hebben een kopie van je legitimatiebewijs nodig. Dit mag een identiteitskaart of rijbewijs zijn (voor- en achterkant), paspoort of (voorlopige) verblijfsvergunning.","en_GB":"We need a copy of your ID. This may be an identity card or driver's license (front and back), passport or (temporary) residence permit.","nl_BE":"We hebben een kopie van je legitimatiebewijs nodig. Dit mag een identiteitskaart of rijbewijs zijn (voor- en achterkant), paspoort of (voorlopige) verblijfsvergunning.","fr_FR":"Nous avons besoin d'une copie de votre pièce d'identité. Cela peut être une carte d'identité ou un permis de conduire (recto et verso), un passeport ou un permis de séjour (temporaire)."}},"createdAt":"2026-04-21T16:05:43+02:00","createdBy":null,"acceptedAt":null,"declineReason":null,"declinedAt":null,"modifiedAt":null,"modifiedBy":null,"deletedAt":null,"deletedBy":null}]},{"code":"AL-7451-6697","name":"AL-7451-6697","language":"nl","documents":[]},{"code":"AL-9093-5667","name":"AL-9093-5667","language":"nl","documents":[]},{"code":"AL-5083-8667","name":"AL-5083-8667","language":"nl","documents":[]},{"code":"AL-6063-7677","name":"AL-6063-7677","language":"nl","documents":[]}],"services":[{"code":"SL-5035-3505","secret":"25b6178158ab6ae18330bf6e0c17b4d51e6a2763","name":"Stichting Alabraar","status":"ACTIVE","category":{"code":"CY-2010-8020","name":"Charity (ANBI state)"},"integration":null,"contactPhone":"0402461404","contactEmail":"info@alabraar.nl","website":"https://www.alabraar.nl/","urls":[]}],"partner":[{"code":"M-3739-7064","name":"Cyberlife B.V.","type":"ALLIANCE","accessToMerchant":true},{"code":"M-9040-1000","name":"PAY.","type":"PARENT","accessToMerchant":true}],"documents":[{"code":"D-4653-1096-5700","type":"agreement","status":"APPROVED","name":"Contract","description":"We need a valid contract between Pay. and your company","translations":{"name":{"nl_NL":"Overeenkomst","en_GB":"Contract","nl_BE":"Overeenkomst"},"description":{"nl_NL":"We hebben een geldige en getekende overeenkomst nodig tussen Pay en uw bedrijf","en_GB":"We need a valid contract between Pay. and your company","nl_BE":"We hebben een geldige en getekende overeenkomst nodig tussen Pay en uw bedrijf"}},"createdAt":"2026-04-21T16:05:43+02:00","createdBy":null,"acceptedAt":null,"declineReason":null,"declinedAt":null,"modifiedAt":null,"modifiedBy":null,"deletedAt":null,"deletedBy":null},{"code":"D-7953-1096-5700","type":"coc_extract","status":"APPROVED","name":"CoC extract of Stichting Alabraar","description":"To verify your company we need to have an extract of the Chamber of Commerce for Stichting Alabraar with CoC number 72289171. This document must not be older then 6 months.","translations":{"name":{"nl_NL":"KvK uittreksel van Stichting Alabraar","en_GB":"CoC extract of Stichting Alabraar","it_IT":"Estratto REA (visura) Stichting Alabraar","nl_BE":"KBO uittreksel van Stichting Alabraar","de_DE":"Handelskammerauszug Stichting Alabraar","fr_FR":"Extrait Kbis Stichting Alabraar"},"description":{"nl_NL":"Om je bedrijf te kunnen verifiëren hebben wij een uittreksel van de Kamer van Koophandel voor bedrijf Stichting Alabraar met KVK nummer 72289171 nodig. Dit document mag niet ouder zijn dan 6 maanden.","en_GB":"To verify your company we need to have an extract of the Chamber of Commerce for Stichting Alabraar with CoC number 72289171. This document must not be older then 6 months.","nl_BE":"Om je bedrijf te kunnen verifiëren hebben wij een uittreksel van de KBO voor bedrijf Stichting Alabraar met ondernemingsnummer 72289171 nodig. Dit document mag niet ouder zijn dan 6 maanden."}},"createdAt":"2026-04-21T16:05:43+02:00","createdBy":null,"acceptedAt":null,"declineReason":null,"declinedAt":null,"modifiedAt":null,"modifiedBy":null,"deletedAt":null,"deletedBy":null},{"code":"D-2033-1096-7700","type":"ubo_register","status":"APPROVED","name":"Extract UBO register","description":"Extract UBO register","translations":{"name":{"nl_NL":"Uittreksel UBO register","en_GB":"Extract UBO register","nl_BE":"Uittreksel UBO register"},"description":{"nl_NL":"Uittreksel UBO register","en_GB":"Extract UBO register","nl_BE":"Uittreksel UBO register"}},"createdAt":"2026-04-24T09:14:34+02:00","createdBy":null,"acceptedAt":null,"declineReason":null,"declinedAt":null,"modifiedAt":null,"modifiedBy":null,"deletedAt":null,"deletedBy":null}],"settings":{"clearing":{"clearingFrequency":"WEEK","invoicePeriod":"WEEK","settlementPerClearing":null,"clearingMoment":"DIRECT","mt940":null},"layout":null},"createdAt":"2026-04-21T16:05:42+02:00","createdBy":"AT-0160-6263","acceptedAt":"2026-04-28T12:25:03+02:00","suspendedAt":null,"suspendedBy":null,"modifiedAt":"2026-04-28T12:25:04+02:00","modifiedBy":null,"deletedAt":null,"deletedBy":null,"reviewedAt":null,"nextReviewDate":"2031-04-28T14:54:19+02:00","_links":[{"href":"/v2/merchants/M-4534-4164/info","rel":"self","type":"GET"}]}}
 GET /api/organizations/f6e2244f-4d4b-487e-8bf8-56adf185633d/merchant/status 200 in 3344ms
 ✓ Compiled in 1398ms (2552 modules)
 ✓ Compiled in 1486ms (2552 modules)
 ✓ Compiled in 1176ms (2552 modules)
 ✓ Compiled in 1206ms (2552 modules)
 ✓ Compiled in 5.5s (951 modules)
 ✓ Compiled in 472ms (951 modules)
 ✓ Compiled in 377ms (951 modules)
 ✓ Compiled in 375ms (951 modules)
 ✓ Compiled in 375ms (951 modules)
 ✓ Compiled in 3.8s (951 modules)
 ✓ Compiled in 400ms (951 modules)
 ✓ Compiled in 321ms (951 modules)
 ✓ Compiled in 340ms (951 modules)
 ✓ Compiled in 426ms (951 modules)
 ✓ Compiled in 375ms (951 modules)
 ✓ Compiled in 376ms (951 modules)
 ✓ Compiled in 582ms (951 modules)
 ✓ Compiled in 481ms (951 modules)
 ✓ Compiled in 1613ms (951 modules)
 ✓ Compiled in 480ms (951 modules)
 ✓ Compiled in 451ms (951 modules)
 ✓ Compiled in 344ms (951 modules)
 ✓ Compiled in 518ms (951 modules)
 ✓ Compiled in 484ms (951 modules)
 ✓ Compiled in 343ms (951 modules)
 ✓ Compiled in 461ms (951 modules)
 ✓ Compiled in 370ms (951 modules)
 ✓ Compiled in 428ms (951 modules)
 ✓ Compiled in 474ms (951 modules)
 ✓ Compiled in 340ms (951 modules)
 ✓ Compiled in 369ms (951 modules)
 ✓ Compiled in 4.2s (951 modules)
 ✓ Compiled in 1463ms (2725 modules)
 ✓ Compiled in 500ms (951 modules)
 ✓ Compiled in 347ms (951 modules)
 ✓ Compiled in 405ms (951 modules)
 ✓ Compiled in 346ms (951 modules)
 ✓ Compiled in 665ms (2725 modules)
 ✓ Compiled in 375ms (951 modules)
 ✓ Compiled in 683ms (951 modules)
 ✓ Compiled in 539ms (951 modules)
 ✓ Compiled in 320ms (951 modules)
 ✓ Compiled in 442ms (951 modules)
 ✓ Compiled in 446ms (951 modules)
 ✓ Compiled in 354ms (951 modules)
 ✓ Compiled in 379ms (951 modules)
 ✓ Compiled in 464ms (951 modules)
 ✓ Compiled in 539ms (951 modules)
 ✓ Compiled in 368ms (951 modules)
 ✓ Compiled in 363ms (951 modules)
 ✓ Compiled in 341ms (951 modules)
 ✓ Compiled in 1445ms (951 modules)
 ✓ Compiled in 334ms (951 modules)
 ✓ Compiled in 304ms (951 modules)
 ✓ Compiled in 581ms (951 modules)
 ✓ Compiled in 365ms (951 modules)
 ✓ Compiled in 309ms (951 modules)
 ✓ Compiled in 1145ms (2725 modules)
 ✓ Compiled in 349ms (951 modules)
 ✓ Compiled in 327ms (951 modules)
 ✓ Compiled in 369ms (951 modules)
 ✓ Compiled in 913ms (2725 modules)
 ✓ Compiled in 420ms (951 modules)
 ✓ Compiled in 434ms (951 modules)
 ✓ Compiled in 325ms (951 modules)
 ✓ Compiled in 342ms (951 modules)
 ✓ Compiled in 323ms (951 modules)
 ✓ Compiled in 395ms (951 modules)
 ✓ Compiled in 1765ms (951 modules)
 ✓ Compiled in 1657ms (951 modules)
 ✓ Compiled in 1566ms (951 modules)
 ✓ Compiled in 5.8s (951 modules)
 ✓ Compiled in 974ms (951 modules)
 ✓ Compiled in 4s (951 modules)
 ✓ Compiled in 948ms (951 modules)
 ✓ Compiled in 8.5s (951 modules)
 ✓ Compiled in 1738ms (951 modules)
 ✓ Compiled in 1218ms (951 modules)
 ✓ Compiled in 1033ms (951 modules)
 ✓ Compiled in 1380ms (951 modules)
 ✓ Compiled in 1729ms (951 modules)
 ✓ Compiled in 2.2s (951 modules)
 ✓ Compiled in 1242ms (951 modules)
 ✓ Compiled in 883ms (951 modules)
 ✓ Compiled in 684ms (951 modules)
 ✓ Compiled in 5.6s (951 modules)
 ✓ Compiled in 2.1s (951 modules)
 ✓ Compiled in 1709ms (951 modules)
 ✓ Compiled in 8.6s (2552 modules)
 ✓ Compiled in 1006ms (951 modules)
 ✓ Compiled in 6.4s (2552 modules)
 ✓ Compiled in 494ms (951 modules)
 ✓ Compiled in 431ms (951 modules)
 ✓ Compiled in 561ms (951 modules)
 ✓ Compiled in 619ms (951 modules)
 ✓ Compiled in 511ms (951 modules)
 ✓ Compiled in 605ms (951 modules)
 ✓ Compiled in 391ms (951 modules)
 ✓ Compiled in 587ms (951 modules)
 ✓ Compiled in 543ms (951 modules)
 ✓ Compiled in 541ms (951 modules)
 ✓ Compiled in 506ms (951 modules)
 ✓ Compiled in 564ms (951 modules)
 ✓ Compiled in 642ms (951 modules)
 ✓ Compiled in 604ms (951 modules)
 ✓ Compiled in 481ms (951 modules)
 ✓ Compiled in 533ms (951 modules)
 ✓ Compiled in 644ms (951 modules)
 ✓ Compiled in 483ms (951 modules)
 ✓ Compiled in 602ms (951 modules)
 ✓ Compiled in 369ms (951 modules)
 ✓ Compiled in 365ms (951 modules)
 ✓ Compiled in 738ms (951 modules)
 ✓ Compiled in 747ms (951 modules)
 ✓ Compiled in 663ms (951 modules)
 ✓ Compiled in 538ms (951 modules)
 ✓ Compiled in 621ms (951 modules)
 ✓ Compiled in 544ms (951 modules)
 ✓ Compiled in 587ms (951 modules)
 ✓ Compiled in 649ms (1601 modules)
 ✓ Compiled in 290ms (1601 modules)
 ✓ Compiled in 300ms (1601 modules)
 ✓ Compiled in 291ms (1601 modules)
 ✓ Compiled in 291ms (1601 modules)
 ✓ Compiled in 409ms (1601 modules)
 ✓ Compiled in 964ms (951 modules)
 ✓ Compiled in 463ms (951 modules)
 ✓ Compiled in 1000ms (951 modules)
 ✓ Compiled in 492ms (951 modules)
 ✓ Compiled in 475ms (951 modules)
 ✓ Compiled in 474ms (951 modules)
 ✓ Compiled in 582ms (951 modules)
 ✓ Compiled in 631ms (951 modules)
 ✓ Compiled in 544ms (951 modules)
 ✓ Compiled in 473ms (951 modules)
 ✓ Compiled in 844ms (951 modules)
 ✓ Compiled in 535ms (951 modules)
 ✓ Compiled in 481ms (951 modules)
 ✓ Compiled in 1086ms (951 modules)
 ✓ Compiled in 888ms (951 modules)
 ✓ Compiled in 575ms (951 modules)
 ✓ Compiled in 995ms (951 modules)
 ✓ Compiled in 774ms (951 modules)
 ✓ Compiled in 661ms (951 modules)
 ✓ Compiled in 520ms (951 modules)
 ✓ Compiled in 562ms (951 modules)
 ✓ Compiled in 468ms (951 modules)
 ✓ Compiled in 412ms (951 modules)
 ✓ Compiled in 1685ms (951 modules)
 ✓ Compiled in 966ms (951 modules)
 ✓ Compiled in 881ms (951 modules)
 ✓ Compiled in 609ms (951 modules)
 ✓ Compiled in 651ms (951 modules)
 ✓ Compiled in 554ms (951 modules)
 ✓ Compiled in 551ms (951 modules)
 ✓ Compiled in 454ms (951 modules)
 ✓ Compiled in 536ms (951 modules)
 ✓ Compiled in 685ms (951 modules)
 ✓ Compiled in 600ms (951 modules)
 ✓ Compiled in 895ms (951 modules)
 ✓ Compiled in 646ms (951 modules)
 ✓ Compiled in 1185ms (951 modules)
 ✓ Compiled in 788ms (951 modules)
 ✓ Compiled in 836ms (951 modules)
 ✓ Compiled in 714ms (951 modules)
 ✓ Compiled in 515ms (951 modules)
 ✓ Compiled in 501ms (951 modules)
 ✓ Compiled in 2.5s (2552 modules)
 ✓ Compiled in 3s (2552 modules)
 ✓ Compiled in 1057ms (951 modules)
 ✓ Compiled in 2.5s (2552 modules)
 ✓ Compiled in 2.2s (2552 modules)
 ✓ Compiled in 3s (2552 modules)
 ✓ Compiled in 3s (2552 modules)
 ✓ Compiled in 3s (2552 modules)
 ✓ Compiled in 3.4s (2552 modules)
 ✓ Compiled in 3.3s (2552 modules)
 ✓ Compiled in 3.4s (2552 modules)
 ✓ Compiled in 979ms (951 modules)
 ✓ Compiled in 715ms (951 modules)
 ✓ Compiled in 911ms (951 modules)
 ✓ Compiled in 1322ms (951 modules)
 ✓ Compiled in 3.2s (2552 modules)
 ✓ Compiled in 993ms (951 modules)
 ✓ Compiled in 952ms (951 modules)
 ✓ Compiled in 553ms (951 modules)
 ✓ Compiled in 2.4s (951 modules)
 ✓ Compiled in 704ms (951 modules)
 ✓ Compiled in 543ms (951 modules)
 ✓ Compiled in 597ms (951 modules)
 ✓ Compiled in 6.4s (951 modules)
 ✓ Compiled in 1092ms (951 modules)
 ✓ Compiled in 784ms (951 modules)
 ✓ Compiled in 700ms (951 modules)
 ✓ Compiled in 461ms (951 modules)
 ✓ Compiled in 600ms (951 modules)
 ✓ Compiled in 5s (951 modules)
 ✓ Compiled in 941ms (951 modules)
 ✓ Compiled in 843ms (951 modules)
 ✓ Compiled in 4.8s (951 modules)
 ✓ Compiled in 5.8s (2552 modules)
 ✓ Compiled in 3.5s (951 modules)
 ✓ Compiled in 1184ms (951 modules)
 ✓ Compiled in 830ms (951 modules)
 ✓ Compiled in 918ms (951 modules)
 ✓ Compiled in 992ms (951 modules)
 ✓ Compiled in 885ms (951 modules)
 ✓ Compiled in 841ms (951 modules)
 ✓ Compiled in 940ms (951 modules)
 ✓ Compiled in 967ms (951 modules)
 ✓ Compiled in 1249ms (951 modules)
 ✓ Compiled in 1163ms (951 modules)
 ✓ Compiled in 1107ms (951 modules)
 ✓ Compiled in 1032ms (951 modules)
 ✓ Compiled in 952ms (951 modules)
 ✓ Compiled in 949ms (951 modules)
 ✓ Compiled in 1069ms (951 modules)
 ✓ Compiled in 943ms (951 modules)
 ✓ Compiled in 965ms (951 modules)
 ✓ Compiled in 909ms (951 modules)
 ✓ Compiled in 1538ms (1601 modules)
 ✓ Compiled in 1446ms (951 modules)
 ✓ Compiled in 1082ms (951 modules)
 ✓ Compiled in 1000ms (951 modules)
 ✓ Compiled in 1150ms (951 modules)
 ✓ Compiled in 1182ms (951 modules)
 ✓ Compiled in 1288ms (951 modules)
 ✓ Compiled in 1117ms (951 modules)
 ✓ Compiled in 1025ms (951 modules)
 ✓ Compiled in 2.1s (951 modules)
 ✓ Compiled in 789ms (951 modules)
 ✓ Compiled in 593ms (951 modules)
 ✓ Compiled in 517ms (951 modules)
 ✓ Compiled in 955ms (951 modules)
 ✓ Compiled in 704ms (951 modules)
 ✓ Compiled in 598ms (951 modules)
 ✓ Compiled in 690ms (951 modules)
 ✓ Compiled in 598ms (951 modules)
 ✓ Compiled in 671ms (951 modules)
 ✓ Compiled in 411ms (951 modules)
 ✓ Compiled in 1137ms (951 modules)
 ✓ Compiled in 424ms (951 modules)
 ✓ Compiled in 1030ms (951 modules)
 ✓ Compiled in 2.5s (2552 modules)
 ⨯ Error [TypeError]: Cannot redefine property: __import_unsupported
    at Proxy.defineProperty (<anonymous>)
    at enhanceGlobals (.next\server\edge\chunks\_5832987d._.js:102:12)
    at [project]/node_modules/.pnpm/next@15.2.8_@babel+core@7.2_dc3c56beb7612435b8cd7f08f3163999/node_modules/next/dist/esm/server/web/globals.js [middleware-edge] (ecmascript) (.next\server\edge\chunks\_5832987d._.js:110:1)
    at <unknown> (.next\server\edge\chunks\edge-wrapper_5a49f4fc.js:709:27)
    at runModuleExecutionHooks (.next\server\edge\chunks\edge-wrapper_5a49f4fc.js:755:9)
    at instantiateModule (.next\server\edge\chunks\edge-wrapper_5a49f4fc.js:707:9)
    at getOrInstantiateModuleFromParent (.next\server\edge\chunks\edge-wrapper_5a49f4fc.js:640:12)
    at esmImport (.next\server\edge\chunks\edge-wrapper_5a49f4fc.js:143:20)
    at [project]/node_modules/.pnpm/next@15.2.8_@babel+core@7.2_dc3c56beb7612435b8cd7f08f3163999/node_modules/next/dist/esm/build/templates/middleware.js { INNER_MIDDLEWARE_MODULE => "[project]/middleware.ts [middleware-edge] (ecmascript)" } [middleware-edge] (ecmascript) (.next\server\edge\chunks\_5832987d._.js:21336:308)
    at <unknown> (.next\server\edge\chunks\edge-wrapper_5a49f4fc.js:709:27)
 ○ Compiling /_error ...
 ✓ Compiled /_error in 2s (2864 modules)
Warning: useLayoutEffect does nothing on the server, because its effect cannot be encoded into the server renderer's output format. This will lead to a mismatch between the initial, non-hydrated UI and the intended UI. To avoid this, useLayoutEffect should only be used in components that render exclusively on the client. See https://reactjs.org/link/uselayouteffect-ssr for common fixes.
    at ShadowPortal (C:\Users\hassa\OneDrive\Desktop\Bayaan.ai\classroom\node_modules\.pnpm\next@15.2.8_@babel+core@7.2_dc3c56beb7612435b8cd7f08f3163999\node_modules\next\src\client\components\react-dev-overlay\ui\components\shadow-portal.tsx:5:32)
    at DevOverlay (C:\Users\hassa\OneDrive\Desktop\Bayaan.ai\classroom\node_modules\.pnpm\next@15.2.8_@babel+core@7.2_dc3c56beb7612435b8cd7f08f3163999\node_modules\next\src\client\components\react-dev-overlay\ui\dev-overlay.tsx:14:3)
    at ReactDevOverlay (C:\Users\hassa\OneDrive\Desktop\Bayaan.ai\classroom\node_modules\.pnpm\next@15.2.8_@babel+core@7.2_dc3c56beb7612435b8cd7f08f3163999\node_modules\next\src\server\dev\next-dev-server.ts:82:10)
    at div
    at Body (webpack://next/dist/src/server/render.tsx:1263:19)
Warning: useLayoutEffect does nothing on the server, because its effect cannot be encoded into the server renderer's output format. This will lead to a mismatch between the initial, non-hydrated UI and the intended UI. To avoid this, useLayoutEffect should only be used in components that render exclusively on the client. See https://reactjs.org/link/uselayouteffect-ssr for common fixes.
    at ShadowPortal (C:\Users\hassa\OneDrive\Desktop\Bayaan.ai\classroom\node_modules\.pnpm\next@15.2.8_@babel+core@7.2_dc3c56beb7612435b8cd7f08f3163999\node_modules\next\src\client\components\react-dev-overlay\ui\components\shadow-portal.tsx:5:32)
    at DevOverlay (C:\Users\hassa\OneDrive\Desktop\Bayaan.ai\classroom\node_modules\.pnpm\next@15.2.8_@babel+core@7.2_dc3c56beb7612435b8cd7f08f3163999\node_modules\next\src\client\components\react-dev-overlay\ui\dev-overlay.tsx:14:3)
    at ReactDevOverlay (C:\Users\hassa\OneDrive\Desktop\Bayaan.ai\classroom\node_modules\.pnpm\next@15.2.8_@babel+core@7.2_dc3c56beb7612435b8cd7f08f3163999\node_modules\next\src\server\dev\next-dev-server.ts:82:10)
    at div
    at Body (webpack://next/dist/src/server/render.tsx:1263:19)
 ⨯ Error [TypeError]: Cannot redefine property: __import_unsupported
    at Proxy.defineProperty (<anonymous>)
    at enhanceGlobals (.next\server\edge\chunks\_5832987d._.js:102:12)
    at [project]/node_modules/.pnpm/next@15.2.8_@babel+core@7.2_dc3c56beb7612435b8cd7f08f3163999/node_modules/next/dist/esm/server/web/globals.js [middleware-edge] (ecmascript) (.next\server\edge\chunks\_5832987d._.js:110:1)
    at <unknown> (.next\server\edge\chunks\edge-wrapper_5a49f4fc.js:709:27)
    at runModuleExecutionHooks (.next\server\edge\chunks\edge-wrapper_5a49f4fc.js:755:9)
    at instantiateModule (.next\server\edge\chunks\edge-wrapper_5a49f4fc.js:707:9)
    at getOrInstantiateModuleFromParent (.next\server\edge\chunks\edge-wrapper_5a49f4fc.js:640:12)
    at esmImport (.next\server\edge\chunks\edge-wrapper_5a49f4fc.js:143:20)
    at [project]/node_modules/.pnpm/next@15.2.8_@babel+core@7.2_dc3c56beb7612435b8cd7f08f3163999/node_modules/next/dist/esm/build/templates/middleware.js { INNER_MIDDLEWARE_MODULE => "[project]/middleware.ts [middleware-edge] (ecmascript)" } [middleware-edge] (ecmascript) (.next\server\edge\chunks\_5832987d._.js:21336:308)
    at <unknown> (.next\server\edge\chunks\edge-wrapper_5a49f4fc.js:709:27)
Warning: useLayoutEffect does nothing on the server, because its effect cannot be encoded into the server renderer's output format. This will lead to a mismatch between the initial, non-hydrated UI and the intended UI. To avoid this, useLayoutEffect should only be used in components that render exclusively on the client. See https://reactjs.org/link/uselayouteffect-ssr for common fixes.
    at ShadowPortal (C:\Users\hassa\OneDrive\Desktop\Bayaan.ai\classroom\node_modules\.pnpm\next@15.2.8_@babel+core@7.2_dc3c56beb7612435b8cd7f08f3163999\node_modules\next\src\client\components\react-dev-overlay\ui\components\shadow-portal.tsx:5:32)
    at DevOverlay (C:\Users\hassa\OneDrive\Desktop\Bayaan.ai\classroom\node_modules\.pnpm\next@15.2.8_@babel+core@7.2_dc3c56beb7612435b8cd7f08f3163999\node_modules\next\src\client\components\react-dev-overlay\ui\dev-overlay.tsx:14:3)
    at ReactDevOverlay (C:\Users\hassa\OneDrive\Desktop\Bayaan.ai\classroom\node_modules\.pnpm\next@15.2.8_@babel+core@7.2_dc3c56beb7612435b8cd7f08f3163999\node_modules\next\src\server\dev\next-dev-server.ts:82:10)
    at div
    at Body (webpack://next/dist/src/server/render.tsx:1263:19)
Warning: useLayoutEffect does nothing on the server, because its effect cannot be encoded into the server renderer's output format. This will lead to a mismatch between the initial, non-hydrated UI and the intended UI. To avoid this, useLayoutEffect should only be used in components that render exclusively on the client. See https://reactjs.org/link/uselayouteffect-ssr for common fixes.
    at ShadowPortal (C:\Users\hassa\OneDrive\Desktop\Bayaan.ai\classroom\node_modules\.pnpm\next@15.2.8_@babel+core@7.2_dc3c56beb7612435b8cd7f08f3163999\node_modules\next\src\client\components\react-dev-overlay\ui\components\shadow-portal.tsx:5:32)
    at DevOverlay (C:\Users\hassa\OneDrive\Desktop\Bayaan.ai\classroom\node_modules\.pnpm\next@15.2.8_@babel+core@7.2_dc3c56beb7612435b8cd7f08f3163999\node_modules\next\src\client\components\react-dev-overlay\ui\dev-overlay.tsx:14:3)
    at ReactDevOverlay (C:\Users\hassa\OneDrive\Desktop\Bayaan.ai\classroom\node_modules\.pnpm\next@15.2.8_@babel+core@7.2_dc3c56beb7612435b8cd7f08f3163999\node_modules\next\src\server\dev\next-dev-server.ts:82:10)
    at div
    at Body (webpack://next/dist/src/server/render.tsx:1263:19)
 GET / 404 in 3ms
 ○ Compiling /_not-found ...
 ⚠ Fast Refresh had to perform a full reload due to a runtime error.
 ⨯ Error [TypeError]: Cannot redefine property: __import_unsupported
    at Proxy.defineProperty (<anonymous>)
    at enhanceGlobals (.next\server\edge\chunks\_5832987d._.js:102:12)
    at [project]/node_modules/.pnpm/next@15.2.8_@babel+core@7.2_dc3c56beb7612435b8cd7f08f3163999/node_modules/next/dist/esm/server/web/globals.js [middleware-edge] (ecmascript) (.next\server\edge\chunks\_5832987d._.js:110:1)
    at <unknown> (.next\server\edge\chunks\edge-wrapper_5a49f4fc.js:709:27)
    at runModuleExecutionHooks (.next\server\edge\chunks\edge-wrapper_5a49f4fc.js:755:9)
    at instantiateModule (.next\server\edge\chunks\edge-wrapper_5a49f4fc.js:707:9)
    at getOrInstantiateModuleFromParent (.next\server\edge\chunks\edge-wrapper_5a49f4fc.js:640:12)
    at esmImport (.next\server\edge\chunks\edge-wrapper_5a49f4fc.js:143:20)
    at [project]/node_modules/.pnpm/next@15.2.8_@babel+core@7.2_dc3c56beb7612435b8cd7f08f3163999/node_modules/next/dist/esm/build/templates/middleware.js { INNER_MIDDLEWARE_MODULE => "[project]/middleware.ts [middleware-edge] (ecmascript)" } [middleware-edge] (ecmascript) (.next\server\edge\chunks\_5832987d._.js:21336:308)
    at <unknown> (.next\server\edge\chunks\edge-wrapper_5a49f4fc.js:709:27)
 ✓ Compiled /_not-found in 2.3s (2868 modules)
Warning: useLayoutEffect does nothing on the server, because its effect cannot be encoded into the server renderer's output format. This will lead to a mismatch between the initial, non-hydrated UI and the intended UI. To avoid this, useLayoutEffect should only be used in components that render exclusively on the client. See https://reactjs.org/link/uselayouteffect-ssr for common fixes.
    at ShadowPortal (C:\Users\hassa\OneDrive\Desktop\Bayaan.ai\classroom\node_modules\.pnpm\next@15.2.8_@babel+core@7.2_dc3c56beb7612435b8cd7f08f3163999\node_modules\next\src\client\components\react-dev-overlay\ui\components\shadow-portal.tsx:5:32)
    at DevOverlay (C:\Users\hassa\OneDrive\Desktop\Bayaan.ai\classroom\node_modules\.pnpm\next@15.2.8_@babel+core@7.2_dc3c56beb7612435b8cd7f08f3163999\node_modules\next\src\client\components\react-dev-overlay\ui\dev-overlay.tsx:14:3)
    at ReactDevOverlay (C:\Users\hassa\OneDrive\Desktop\Bayaan.ai\classroom\node_modules\.pnpm\next@15.2.8_@babel+core@7.2_dc3c56beb7612435b8cd7f08f3163999\node_modules\next\src\server\dev\next-dev-server.ts:82:10)
    at div
    at Body (webpack://next/dist/src/server/render.tsx:1263:19)
Warning: useLayoutEffect does nothing on the server, because its effect cannot be encoded into the server renderer's output format. This will lead to a mismatch between the initial, non-hydrated UI and the intended UI. To avoid this, useLayoutEffect should only be used in components that render exclusively on the client. See https://reactjs.org/link/uselayouteffect-ssr for common fixes.
    at ShadowPortal (C:\Users\hassa\OneDrive\Desktop\Bayaan.ai\classroom\node_modules\.pnpm\next@15.2.8_@babel+core@7.2_dc3c56beb7612435b8cd7f08f3163999\node_modules\next\src\client\components\react-dev-overlay\ui\components\shadow-portal.tsx:5:32)
    at DevOverlay (C:\Users\hassa\OneDrive\Desktop\Bayaan.ai\classroom\node_modules\.pnpm\next@15.2.8_@babel+core@7.2_dc3c56beb7612435b8cd7f08f3163999\node_modules\next\src\client\components\react-dev-overlay\ui\dev-overlay.tsx:14:3)
    at ReactDevOverlay (C:\Users\hassa\OneDrive\Desktop\Bayaan.ai\classroom\node_modules\.pnpm\next@15.2.8_@babel+core@7.2_dc3c56beb7612435b8cd7f08f3163999\node_modules\next\src\server\dev\next-dev-server.ts:82:10)
    at div
    at Body (webpack://next/dist/src/server/render.tsx:1263:19)
 GET / 404 in 1ms
 ⨯ Error [TypeError]: Cannot redefine property: __import_unsupported
    at Proxy.defineProperty (<anonymous>)
    at enhanceGlobals (.next\server\edge\chunks\_5832987d._.js:102:12)
    at [project]/node_modules/.pnpm/next@15.2.8_@babel+core@7.2_dc3c56beb7612435b8cd7f08f3163999/node_modules/next/dist/esm/server/web/globals.js [middleware-edge] (ecmascript) (.next\server\edge\chunks\_5832987d._.js:110:1)
    at <unknown> (.next\server\edge\chunks\edge-wrapper_5a49f4fc.js:709:27)
    at runModuleExecutionHooks (.next\server\edge\chunks\edge-wrapper_5a49f4fc.js:755:9)
    at instantiateModule (.next\server\edge\chunks\edge-wrapper_5a49f4fc.js:707:9)
    at getOrInstantiateModuleFromParent (.next\server\edge\chunks\edge-wrapper_5a49f4fc.js:640:12)
    at esmImport (.next\server\edge\chunks\edge-wrapper_5a49f4fc.js:143:20)
    at [project]/node_modules/.pnpm/next@15.2.8_@babel+core@7.2_dc3c56beb7612435b8cd7f08f3163999/node_modules/next/dist/esm/build/templates/middleware.js { INNER_MIDDLEWARE_MODULE => "[project]/middleware.ts [middleware-edge] (ecmascript)" } [middleware-edge] (ecmascript) (.next\server\edge\chunks\_5832987d._.js:21336:308)
    at <unknown> (.next\server\edge\chunks\edge-wrapper_5a49f4fc.js:709:27)
Warning: useLayoutEffect does nothing on the server, because its effect cannot be encoded into the server renderer's output format. This will lead to a mismatch between the initial, non-hydrated UI and the intended UI. To avoid this, useLayoutEffect should only be used in components that render exclusively on the client. See https://reactjs.org/link/uselayouteffect-ssr for common fixes.
    at ShadowPortal (C:\Users\hassa\OneDrive\Desktop\Bayaan.ai\classroom\node_modules\.pnpm\next@15.2.8_@babel+core@7.2_dc3c56beb7612435b8cd7f08f3163999\node_modules\next\src\client\components\react-dev-overlay\ui\components\shadow-portal.tsx:5:32)
    at DevOverlay (C:\Users\hassa\OneDrive\Desktop\Bayaan.ai\classroom\node_modules\.pnpm\next@15.2.8_@babel+core@7.2_dc3c56beb7612435b8cd7f08f3163999\node_modules\next\src\client\components\react-dev-overlay\ui\dev-overlay.tsx:14:3)
    at ReactDevOverlay (C:\Users\hassa\OneDrive\Desktop\Bayaan.ai\classroom\node_modules\.pnpm\next@15.2.8_@babel+core@7.2_dc3c56beb7612435b8cd7f08f3163999\node_modules\next\src\server\dev\next-dev-server.ts:82:10)
    at div
    at Body (webpack://next/dist/src/server/render.tsx:1263:19)
Warning: useLayoutEffect does nothing on the server, because its effect cannot be encoded into the server renderer's output format. This will lead to a mismatch between the initial, non-hydrated UI and the intended UI. To avoid this, useLayoutEffect should only be used in components that render exclusively on the client. See https://reactjs.org/link/uselayouteffect-ssr for common fixes.
    at ShadowPortal (C:\Users\hassa\OneDrive\Desktop\Bayaan.ai\classroom\node_modules\.pnpm\next@15.2.8_@babel+core@7.2_dc3c56beb7612435b8cd7f08f3163999\node_modules\next\src\client\components\react-dev-overlay\ui\components\shadow-portal.tsx:5:32)
    at DevOverlay (C:\Users\hassa\OneDrive\Desktop\Bayaan.ai\classroom\node_modules\.pnpm\next@15.2.8_@babel+core@7.2_dc3c56beb7612435b8cd7f08f3163999\node_modules\next\src\client\components\react-dev-overlay\ui\dev-overlay.tsx:14:3)
    at ReactDevOverlay (C:\Users\hassa\OneDrive\Desktop\Bayaan.ai\classroom\node_modules\.pnpm\next@15.2.8_@babel+core@7.2_dc3c56beb7612435b8cd7f08f3163999\node_modules\next\src\server\dev\next-dev-server.ts:82:10)
    at div
    at Body (webpack://next/dist/src/server/render.tsx:1263:19)
 GET / 404 in 4ms
 ⨯ Error [TypeError]: Cannot redefine property: __import_unsupported
    at Proxy.defineProperty (<anonymous>)
    at enhanceGlobals (.next\server\edge\chunks\_5832987d._.js:102:12)
    at [project]/node_modules/.pnpm/next@15.2.8_@babel+core@7.2_dc3c56beb7612435b8cd7f08f3163999/node_modules/next/dist/esm/server/web/globals.js [middleware-edge] (ecmascript) (.next\server\edge\chunks\_5832987d._.js:110:1)
    at <unknown> (.next\server\edge\chunks\edge-wrapper_5a49f4fc.js:709:27)
    at runModuleExecutionHooks (.next\server\edge\chunks\edge-wrapper_5a49f4fc.js:755:9)
    at instantiateModule (.next\server\edge\chunks\edge-wrapper_5a49f4fc.js:707:9)
    at getOrInstantiateModuleFromParent (.next\server\edge\chunks\edge-wrapper_5a49f4fc.js:640:12)
    at esmImport (.next\server\edge\chunks\edge-wrapper_5a49f4fc.js:143:20)
    at [project]/node_modules/.pnpm/next@15.2.8_@babel+core@7.2_dc3c56beb7612435b8cd7f08f3163999/node_modules/next/dist/esm/build/templates/middleware.js { INNER_MIDDLEWARE_MODULE => "[project]/middleware.ts [middleware-edge] (ecmascript)" } [middleware-edge] (ecmascript) (.next\server\edge\chunks\_5832987d._.js:21336:308)
    at <unknown> (.next\server\edge\chunks\edge-wrapper_5a49f4fc.js:709:27)
Warning: useLayoutEffect does nothing on the server, because its effect cannot be encoded into the server renderer's output format. This will lead to a mismatch between the initial, non-hydrated UI and the intended UI. To avoid this, useLayoutEffect should only be used in components that render exclusively on the client. See https://reactjs.org/link/uselayouteffect-ssr for common fixes.
    at ShadowPortal (C:\Users\hassa\OneDrive\Desktop\Bayaan.ai\classroom\node_modules\.pnpm\next@15.2.8_@babel+core@7.2_dc3c56beb7612435b8cd7f08f3163999\node_modules\next\src\client\components\react-dev-overlay\ui\components\shadow-portal.tsx:5:32)
    at DevOverlay (C:\Users\hassa\OneDrive\Desktop\Bayaan.ai\classroom\node_modules\.pnpm\next@15.2.8_@babel+core@7.2_dc3c56beb7612435b8cd7f08f3163999\node_modules\next\src\client\components\react-dev-overlay\ui\dev-overlay.tsx:14:3)
    at ReactDevOverlay (C:\Users\hassa\OneDrive\Desktop\Bayaan.ai\classroom\node_modules\.pnpm\next@15.2.8_@babel+core@7.2_dc3c56beb7612435b8cd7f08f3163999\node_modules\next\src\server\dev\next-dev-server.ts:82:10)
    at div
    at Body (webpack://next/dist/src/server/render.tsx:1263:19)
Warning: useLayoutEffect does nothing on the server, because its effect cannot be encoded into the server renderer's output format. This will lead to a mismatch between the initial, non-hydrated UI and the intended UI. To avoid this, useLayoutEffect should only be used in components that render exclusively on the client. See https://reactjs.org/link/uselayouteffect-ssr for common fixes.
    at ShadowPortal (C:\Users\hassa\OneDrive\Desktop\Bayaan.ai\classroom\node_modules\.pnpm\next@15.2.8_@babel+core@7.2_dc3c56beb7612435b8cd7f08f3163999\node_modules\next\src\client\components\react-dev-overlay\ui\components\shadow-portal.tsx:5:32)
    at DevOverlay (C:\Users\hassa\OneDrive\Desktop\Bayaan.ai\classroom\node_modules\.pnpm\next@15.2.8_@babel+core@7.2_dc3c56beb7612435b8cd7f08f3163999\node_modules\next\src\client\components\react-dev-overlay\ui\dev-overlay.tsx:14:3)
    at ReactDevOverlay (C:\Users\hassa\OneDrive\Desktop\Bayaan.ai\classroom\node_modules\.pnpm\next@15.2.8_@babel+core@7.2_dc3c56beb7612435b8cd7f08f3163999\node_modules\next\src\server\dev\next-dev-server.ts:82:10)
    at div
    at Body (webpack://next/dist/src/server/render.tsx:1263:19)
 ✓ Compiled in 837ms (1190 modules)
 ✓ Compiled in 424ms (1190 modules)
 ✓ Compiled in 753ms (1190 modules)
 ✓ Compiled in 418ms (1190 modules)
 ✓ Compiled in 2.7s (1190 modules)
 ✓ Compiled in 981ms (1190 modules)
 ✓ Compiled in 856ms (1190 modules)
 ✓ Compiled in 775ms (1190 modules)
 ✓ Compiled in 926ms (1190 modules)
 ✓ Compiled in 1494ms (1190 modules)
 ✓ Compiled in 919ms (1190 modules)
 ✓ Compiled in 3.6s (3051 modules)
 ✓ Compiled in 1470ms (1190 modules)
 ✓ Compiled in 738ms (1190 modules)
 ✓ Compiled in 1842ms (1190 modules)
 ✓ Compiled in 839ms (1190 modules)
 ✓ Compiled in 887ms (1190 modules)
 ✓ Compiled in 864ms (1190 modules)
 ✓ Compiled in 878ms (1190 modules)
 ✓ Compiled in 741ms (1688 modules)
 ✓ Compiled in 460ms (1688 modules)
 ✓ Compiled in 456ms (1688 modules)
 ✓ Compiled in 471ms (1688 modules)
 ✓ Compiled in 405ms (1688 modules)
 ✓ Compiled in 225ms (1688 modules)
 ✓ Compiled in 512ms (1688 modules)
 ✓ Compiled in 538ms (1688 modules)
 ✓ Compiled in 980ms (1688 modules)
 ✓ Compiled in 431ms (1688 modules)
 ✓ Compiled in 382ms (1688 modules)
 ✓ Compiled in 416ms (1688 modules)
 ✓ Compiled in 371ms (1688 modules)
 ✓ Compiled in 336ms (1688 modules)
 ✓ Compiled in 358ms (1688 modules)
 ✓ Compiled in 389ms (1688 modules)
 ✓ Compiled in 389ms (1688 modules)
 ✓ Compiled in 443ms (1688 modules)
 ✓ Compiled in 843ms (1688 modules)
 ✓ Compiled in 546ms (1688 modules)
 ✓ Compiled in 1243ms (1190 modules)
 ✓ Compiled in 1078ms (1190 modules)
 ✓ Compiled in 709ms (1688 modules)
 ✓ Compiled in 381ms (1688 modules)
 ✓ Compiled in 376ms (1688 modules)
 ✓ Compiled in 293ms (1688 modules)
 ✓ Compiled in 452ms (1688 modules)
 ✓ Compiled in 301ms (1688 modules)
 ✓ Compiled in 333ms (1688 modules)
 ✓ Compiled in 365ms (1688 modules)
 ✓ Compiled in 540ms (1688 modules)
 ✓ Compiled in 347ms (1688 modules)
 ✓ Compiled in 1576ms (1190 modules)
 ✓ Compiled in 817ms (1190 modules)
 ✓ Compiled in 651ms (1190 modules)
 ✓ Compiled in 639ms (1190 modules)
 ✓ Compiled in 1051ms (1190 modules)
 ✓ Compiled in 716ms (1688 modules)
 ✓ Compiled in 302ms (1688 modules)
 ✓ Compiled in 716ms (1190 modules)
 ✓ Compiled in 321ms (1688 modules)
 ✓ Compiled in 281ms (1688 modules)
 ✓ Compiled in 11.9s (2902 modules)
 ✓ Compiled in 2.3s (2884 modules)
 ✓ Compiled in 2.2s (2884 modules)
 ✓ Compiled in 2.2s (2884 modules)
 ✓ Compiled in 890ms (1194 modules)
 ✓ Compiled in 1918ms (2884 modules)
 ✓ Compiled in 829ms (1194 modules)
 ✓ Compiled in 541ms (1194 modules)
 ✓ Compiled in 543ms (1194 modules)
 ✓ Compiled in 816ms (1194 modules)
 ✓ Compiled in 791ms (1194 modules)
 ✓ Compiled in 580ms (1194 modules)
 ✓ Compiled in 718ms (1194 modules)
 ✓ Compiled in 535ms (1194 modules)
 ✓ Compiled in 499ms (1194 modules)
 ✓ Compiled in 576ms (1194 modules)
 ✓ Compiled in 976ms (1194 modules)
 ✓ Compiled in 554ms (1194 modules)
 ✓ Compiled in 606ms (1194 modules)
 ✓ Compiled in 507ms (1194 modules)
 ✓ Compiled in 474ms (1194 modules)
 ✓ Compiled in 388ms (1194 modules)
 ✓ Compiled in 635ms (1194 modules)
 ✓ Compiled in 1025ms (1194 modules)
 ✓ Compiled in 694ms (1194 modules)
 ✓ Compiled in 615ms (1194 modules)
 ✓ Compiled in 1080ms (1194 modules)
 ✓ Compiled in 469ms (1194 modules)
 ✓ Compiled in 738ms (1194 modules)
 ✓ Compiled in 551ms (1194 modules)
 ✓ Compiled in 2.2s (2884 modules)
 ✓ Compiled in 2.3s (2884 modules)
 ✓ Compiled in 2.2s (2884 modules)
 ✓ Compiled in 2.5s (2884 modules)
 ✓ Compiled in 2.6s (2884 modules)
 ✓ Compiled in 2.6s (2884 modules)
 ✓ Compiled in 2.5s (2884 modules)
 ✓ Compiled in 923ms (1194 modules)
 ✓ Compiled in 618ms (1194 modules)
 ✓ Compiled in 991ms (1194 modules)
 ✓ Compiled in 2.3s (2884 modules)
 ✓ Compiled in 991ms (1194 modules)
 ✓ Compiled in 474ms (1194 modules)
 ✓ Compiled in 1328ms (1194 modules)
 ✓ Compiled in 2s (2884 modules)
 ✓ Compiled in 945ms (1194 modules)
 ✓ Compiled in 980ms (1194 modules)
 ✓ Compiled in 2.6s (2884 modules)
 ✓ Compiled in 813ms (1194 modules)
 ✓ Compiled in 710ms (1194 modules)
 ✓ Compiled in 2.2s (2884 modules)
 ✓ Compiled in 3.3s (2884 modules)
 ✓ Compiled in 1549ms (2884 modules)
 ✓ Compiled in 884ms (2884 modules)
 ✓ Compiled in 721ms (1194 modules)
 ✓ Compiled in 351ms (1194 modules)
 ✓ Compiled in 2.5s (2884 modules)
 ✓ Compiled in 862ms (1194 modules)
 ✓ Compiled in 532ms (1194 modules)
 ✓ Compiled in 654ms (1194 modules)
 ✓ Compiled in 797ms (1194 modules)
